<?xml version="1.0" encoding="UTF-8"?>
<testng-results ignored="0" total="1" passed="1" failed="0" skipped="0">
  <reporter-output>
  </reporter-output>
  <suite started-at="2025-05-09T10:29:24 IST" name="Suite" finished-at="2025-05-09T10:29:35 IST" duration-ms="10224">
    <groups>
    </groups>
    <test started-at="2025-05-09T10:29:24 IST" name="Test" finished-at="2025-05-09T10:29:35 IST" duration-ms="10224">
      <class name="Demotest.demotest1">
        <test-method signature="m1()[pri:0, instance:Demotest.demotest1@5bda8e08]" started-at="2025-05-09T10:29:24 IST" name="m1" finished-at="2025-05-09T10:29:35 IST" duration-ms="10164" status="PASS">
          <reporter-output>
          </reporter-output>
        </test-method> <!-- m1 -->
      </class> <!-- Demotest.demotest1 -->
    </test> <!-- Test -->
  </suite> <!-- Suite -->
</testng-results>
