<?xml version="1.0" encoding="UTF-8"?>
<testng-results ignored="0" total="1" passed="1" failed="0" skipped="0">
  <reporter-output>
  </reporter-output>
  <suite started-at="2025-05-09T11:00:39 IST" name="Suite" finished-at="2025-05-09T11:00:49 IST" duration-ms="10365">
    <groups>
    </groups>
    <test started-at="2025-05-09T11:00:39 IST" name="Test" finished-at="2025-05-09T11:00:49 IST" duration-ms="10365">
      <class name="Demotest.demoTest">
        <test-method signature="m1()[pri:0, instance:Demotest.demoTest@5bda8e08]" started-at="2025-05-09T11:00:39 IST" name="m1" finished-at="2025-05-09T11:00:49 IST" duration-ms="10318" status="PASS">
          <reporter-output>
          </reporter-output>
        </test-method> <!-- m1 -->
      </class> <!-- Demotest.demoTest -->
    </test> <!-- Test -->
  </suite> <!-- Suite -->
</testng-results>
